<?xml version="1.0" encoding="UTF-8"?>
<testsuite xmlns:xsi="http://www.w3.org/2001/XMLSchema-instance" xsi:noNamespaceSchemaLocation="https://maven.apache.org/surefire/maven-surefire-plugin/xsd/surefire-test-report.xsd" name="tests.AddItemIInCartTest" time="111.291" tests="1" errors="0" skipped="0" failures="1">
  <properties>
[...]
</properties>
  <testcase name="addToCartTest" classname="tests.AddItemIInCartTest" time="81.198">
    <failure message="element click intercepted: Element &lt;button type=&quot;submit&quot; data-qa=&quot;create-account&quot; class=&quot;btn btn-default&quot;&gt;...&lt;/button&gt; is not clickable at point (320, 638). Other element would receive the click: &lt;div id=&quot;aswift_1_host&quot; style=&quot;border: none !important; height: 90px !important; width: 100% !important; margin: 0px !important; padding: 0px !important; position: relative !important; visibility: visible !important; background-color: transparent !important; display: inline-block !important; inset: auto !important; clear: none !important; float: none !important; max-height: none !important; max-width: none !important; opacity: 1 !important; overflow: visible !important; vertical-align: baseline !important; z-index: auto !important;&quot;&gt;...&lt;/div&gt;&#10;  (Session info: chrome=131.0.6778.266)&#10;Build info: version: &apos;4.11.0&apos;, revision: &apos;040bc5406b&apos;&#10;System info: os.name: &apos;Mac OS X&apos;, os.arch: &apos;aarch64&apos;, os.version: &apos;15.1.1&apos;, java.version: &apos;11.0.18&apos;&#10;Driver info: org.openqa.selenium.chrome.ChromeDriver&#10;Command: [dcce3034dc8bbddcc78f9e8b20d179b5, clickElement {id=f.8F3F239CCDB7E1D56FA6873C70874EFF.d.8D6F76F816A8058455F2DCB2A4424518.e.5526}]&#10;Capabilities {acceptInsecureCerts: false, browserName: chrome, browserVersion: 131.0.6778.266, chrome: {chromedriverVersion: 131.0.6778.264 (2d05e315153..., userDataDir: /var/folders/f3/7d9mby7j7yj...}, fedcm:accounts: true, goog:chromeOptions: {debuggerAddress: localhost:49264}, networkConnectionEnabled: false, pageLoadStrategy: normal, platformName: mac, proxy: Proxy(), se:cdp: ws://localhost:49264/devtoo..., se:cdpVersion: 131.0.6778.266, setWindowRect: true, strictFileInteractability: false, timeouts: {implicit: 0, pageLoad: 300000, script: 30000}, unhandledPromptBehavior: dismiss and notify, webauthn:extension:credBlob: true, webauthn:extension:largeBlob: true, webauthn:extension:minPinLength: true, webauthn:extension:prf: true, webauthn:virtualAuthenticators: true}&#10;Element: [[ChromeDriver: chrome on mac (dcce3034dc8bbddcc78f9e8b20d179b5)] -&gt; xpath: //button[normalize-space()=&apos;Create Account&apos;]]&#10;Session ID: dcce3034dc8bbddcc78f9e8b20d179b5" type="org.openqa.selenium.ElementClickInterceptedException"><![CDATA[org.openqa.selenium.ElementClickInterceptedException: 
element click intercepted: Element <button type="submit" data-qa="create-account" class="btn btn-default">...</button> is not clickable at point (320, 638). Other element would receive the click: <div id="aswift_1_host" style="border: none !important; height: 90px !important; width: 100% !important; margin: 0px !important; padding: 0px !important; position: relative !important; visibility: visible !important; background-color: transparent !important; display: inline-block !important; inset: auto !important; clear: none !important; float: none !important; max-height: none !important; max-width: none !important; opacity: 1 !important; overflow: visible !important; vertical-align: baseline !important; z-index: auto !important;">...</div>
  (Session info: chrome=131.0.6778.266)
Build info: version: '4.11.0', revision: '040bc5406b'
System info: os.name: 'Mac OS X', os.arch: 'aarch64', os.version: '15.1.1', java.version: '11.0.18'
Driver info: org.openqa.selenium.chrome.ChromeDriver
Command: [dcce3034dc8bbddcc78f9e8b20d179b5, clickElement {id=f.8F3F239CCDB7E1D56FA6873C70874EFF.d.8D6F76F816A8058455F2DCB2A4424518.e.5526}]
Capabilities {acceptInsecureCerts: false, browserName: chrome, browserVersion: 131.0.6778.266, chrome: {chromedriverVersion: 131.0.6778.264 (2d05e315153..., userDataDir: /var/folders/f3/7d9mby7j7yj...}, fedcm:accounts: true, goog:chromeOptions: {debuggerAddress: localhost:49264}, networkConnectionEnabled: false, pageLoadStrategy: normal, platformName: mac, proxy: Proxy(), se:cdp: ws://localhost:49264/devtoo..., se:cdpVersion: 131.0.6778.266, setWindowRect: true, strictFileInteractability: false, timeouts: {implicit: 0, pageLoad: 300000, script: 30000}, unhandledPromptBehavior: dismiss and notify, webauthn:extension:credBlob: true, webauthn:extension:largeBlob: true, webauthn:extension:minPinLength: true, webauthn:extension:prf: true, webauthn:virtualAuthenticators: true}
Element: [[ChromeDriver: chrome on mac (dcce3034dc8bbddcc78f9e8b20d179b5)] -> xpath: //button[normalize-space()='Create Account']]
Session ID: dcce3034dc8bbddcc78f9e8b20d179b5
	at tests.AddItemIInCartTest.addToCartTest(AddItemIInCartTest.java:39)
]]></failure>
    <system-err><![CDATA[SLF4J: No SLF4J providers were found.
SLF4J: Defaulting to no-operation (NOP) logger implementation
SLF4J: See https://www.slf4j.org/codes.html#noProviders for further details.
Jan 16, 2025 11:16:52 PM org.openqa.selenium.devtools.CdpVersionFinder findNearestMatch
WARNING: Unable to find CDP implementation matching 131
Jan 16, 2025 11:16:52 PM org.openqa.selenium.chromium.ChromiumDriver lambda$new$5
WARNING: Unable to find version of CDP to use for 131.0.6778.266. You may need to include a dependency on a specific version of the CDP using something similar to `org.seleniumhq.selenium:selenium-devtools-v86:4.11.0` where the version ("v86") matches the version of the chromium-based browser you're using and the version number of the artifact is the same as Selenium's.
org.openqa.selenium.ElementClickInterceptedException: element click intercepted: Element <a href="/product_details/4" style="color: brown;">...</a> is not clickable at point (873, 676). Other element would receive the click: <iframe id="aswift_2" name="aswift_2" browsingtopics="true" style="width: 728px !important; height: 90px !important; display: block; margin: 0px auto;" sandbox="allow-forms allow-popups allow-popups-to-escape-sandbox allow-same-origin allow-scripts allow-top-navigation-by-user-activation" width="728" height="90" frameborder="0" marginwidth="0" marginheight="0" vspace="0" hspace="0" allowtransparency="true" scrolling="no" allow="attribution-reporting; run-ad-auction" src="https://googleads.g.doubleclick.net/pagead/html/r20250114/r20190131/zrt_lookup_fy2021.html#RS-0-&amp;adk=1812271801&amp;client=ca-pub-1677597403311019&amp;fa=1&amp;ifi=3&amp;uci=a!3&amp;btvi=2" data-google-container-id="a!3" tabindex="0" title="Advertisement" aria-label="Advertisement" data-google-query-id="CJyg55Xm-ooDFekFgwMdWJ0amA" data-load-complete="true"></iframe>
  (Session info: chrome=131.0.6778.266)
Build info: version: '4.11.0', revision: '040bc5406b'
System info: os.name: 'Mac OS X', os.arch: 'aarch64', os.version: '15.1.1', java.version: '11.0.18'
Driver info: org.openqa.selenium.chrome.ChromeDriver
Command: [dcce3034dc8bbddcc78f9e8b20d179b5, clickElement {id=f.8F3F239CCDB7E1D56FA6873C70874EFF.d.E794FE0C2C2D1C633C837CD33BBB780B.e.2059}]
Capabilities {acceptInsecureCerts: false, browserName: chrome, browserVersion: 131.0.6778.266, chrome: {chromedriverVersion: 131.0.6778.264 (2d05e315153..., userDataDir: /var/folders/f3/7d9mby7j7yj...}, fedcm:accounts: true, goog:chromeOptions: {debuggerAddress: localhost:49264}, networkConnectionEnabled: false, pageLoadStrategy: normal, platformName: mac, proxy: Proxy(), se:cdp: ws://localhost:49264/devtoo..., se:cdpVersion: 131.0.6778.266, setWindowRect: true, strictFileInteractability: false, timeouts: {implicit: 0, pageLoad: 300000, script: 30000}, unhandledPromptBehavior: dismiss and notify, webauthn:extension:credBlob: true, webauthn:extension:largeBlob: true, webauthn:extension:minPinLength: true, webauthn:extension:prf: true, webauthn:virtualAuthenticators: true}
Element: [[ChromeDriver: chrome on mac (dcce3034dc8bbddcc78f9e8b20d179b5)] -> xpath:  (//div/p[text()='Stylish Dress']//following::a[text()='View Product'])[1]]
Session ID: dcce3034dc8bbddcc78f9e8b20d179b5
	at java.base/jdk.internal.reflect.NativeConstructorAccessorImpl.newInstance0(Native Method)
	at java.base/jdk.internal.reflect.NativeConstructorAccessorImpl.newInstance(NativeConstructorAccessorImpl.java:62)
	at java.base/jdk.internal.reflect.DelegatingConstructorAccessorImpl.newInstance(DelegatingConstructorAccessorImpl.java:45)
	at java.base/java.lang.reflect.Constructor.newInstance(Constructor.java:490)
	at org.openqa.selenium.remote.codec.w3c.W3CHttpResponseCodec.createException(W3CHttpResponseCodec.java:200)
	at org.openqa.selenium.remote.codec.w3c.W3CHttpResponseCodec.decode(W3CHttpResponseCodec.java:133)
	at org.openqa.selenium.remote.codec.w3c.W3CHttpResponseCodec.decode(W3CHttpResponseCodec.java:52)
	at org.openqa.selenium.remote.HttpCommandExecutor.execute(HttpCommandExecutor.java:191)
	at org.openqa.selenium.remote.service.DriverCommandExecutor.invokeExecute(DriverCommandExecutor.java:196)
	at org.openqa.selenium.remote.service.DriverCommandExecutor.execute(DriverCommandExecutor.java:171)
	at org.openqa.selenium.remote.RemoteWebDriver.execute(RemoteWebDriver.java:518)
	at org.openqa.selenium.remote.RemoteWebElement.execute(RemoteWebElement.java:224)
	at org.openqa.selenium.remote.RemoteWebElement.click(RemoteWebElement.java:77)
	at java.base/jdk.internal.reflect.NativeMethodAccessorImpl.invoke0(Native Method)
	at java.base/jdk.internal.reflect.NativeMethodAccessorImpl.invoke(NativeMethodAccessorImpl.java:62)
	at java.base/jdk.internal.reflect.DelegatingMethodAccessorImpl.invoke(DelegatingMethodAccessorImpl.java:43)
	at java.base/java.lang.reflect.Method.invoke(Method.java:566)
	at org.openqa.selenium.support.pagefactory.internal.LocatingElementHandler.invoke(LocatingElementHandler.java:51)
	at com.sun.proxy.$Proxy13.click(Unknown Source)
	at utils.CommonUtils.forceClick(CommonUtils.java:40)
	at pages.LandingPage.selectWomenDress(LandingPage.java:455)
	at tests.AddItemIInCartTest.addToCartTest(AddItemIInCartTest.java:21)
	at java.base/jdk.internal.reflect.NativeMethodAccessorImpl.invoke0(Native Method)
	at java.base/jdk.internal.reflect.NativeMethodAccessorImpl.invoke(NativeMethodAccessorImpl.java:62)
	at java.base/jdk.internal.reflect.DelegatingMethodAccessorImpl.invoke(DelegatingMethodAccessorImpl.java:43)
	at java.base/java.lang.reflect.Method.invoke(Method.java:566)
	at org.testng.internal.MethodInvocationHelper.invokeMethod(MethodInvocationHelper.java:133)
	at org.testng.internal.TestInvoker.invokeMethod(TestInvoker.java:584)
	at org.testng.internal.TestInvoker.invokeTestMethod(TestInvoker.java:172)
	at org.testng.internal.MethodRunner.runInSequence(MethodRunner.java:46)
	at org.testng.internal.TestInvoker$MethodInvocationAgent.invoke(TestInvoker.java:804)
	at org.testng.internal.TestInvoker.invokeTestMethods(TestInvoker.java:145)
	at org.testng.internal.TestMethodWorker.invokeTestMethods(TestMethodWorker.java:146)
	at org.testng.internal.TestMethodWorker.run(TestMethodWorker.java:128)
	at java.base/java.util.ArrayList.forEach(ArrayList.java:1541)
	at org.testng.TestRunner.privateRun(TestRunner.java:770)
	at org.testng.TestRunner.run(TestRunner.java:591)
	at org.testng.SuiteRunner.runTest(SuiteRunner.java:402)
	at org.testng.SuiteRunner.runSequentially(SuiteRunner.java:396)
	at org.testng.SuiteRunner.privateRun(SuiteRunner.java:355)
	at org.testng.SuiteRunner.run(SuiteRunner.java:304)
	at org.testng.SuiteRunnerWorker.runSuite(SuiteRunnerWorker.java:53)
	at org.testng.SuiteRunnerWorker.run(SuiteRunnerWorker.java:96)
	at org.testng.TestNG.runSuitesSequentially(TestNG.java:1180)
	at org.testng.TestNG.runSuitesLocally(TestNG.java:1102)
	at org.testng.TestNG.runSuites(TestNG.java:1032)
	at org.testng.TestNG.run(TestNG.java:1000)
	at org.apache.maven.surefire.testng.TestNGExecutor.run(TestNGExecutor.java:135)
	at org.apache.maven.surefire.testng.TestNGDirectoryTestSuite.executeSingleClass(TestNGDirectoryTestSuite.java:112)
	at org.apache.maven.surefire.testng.TestNGDirectoryTestSuite.execute(TestNGDirectoryTestSuite.java:99)
	at org.apache.maven.surefire.testng.TestNGProvider.invoke(TestNGProvider.java:146)
	at org.apache.maven.surefire.booter.ForkedBooter.invokeProviderInSameClassLoader(ForkedBooter.java:384)
	at org.apache.maven.surefire.booter.ForkedBooter.runSuitesInProcess(ForkedBooter.java:345)
	at org.apache.maven.surefire.booter.ForkedBooter.execute(ForkedBooter.java:126)
	at org.apache.maven.surefire.booter.ForkedBooter.main(ForkedBooter.java:418)
]]></system-err>
  </testcase>
</testsuite>