<?xml version="1.0" encoding="UTF-8"?>
<testng-results ignored="0" total="1" passed="1" failed="0" skipped="0">
  <reporter-output>
    <line>
      <![CDATA[Selecting women dress from the option.]]>
    </line>
    <line>
      <![CDATA[Click on continue shoping button.]]>
    </line>
    <line>
      <![CDATA[Click on product option.]]>
    </line>
    <line>
      <![CDATA[Select product babyhug.]]>
    </line>
    <line>
      <![CDATA[Click on view cart.]]>
    </line>
    <line>
      <![CDATA[Click on checkout.]]>
    </line>
    <line>
      <![CDATA[Register a new user with details.]]>
    </line>
    <line>
      <![CDATA[Clicked on continue link.]]>
    </line>
    <line>
      <![CDATA[Click on cart.]]>
    </line>
    <line>
      <![CDATA[Click on checkout.]]>
    </line>
    <line>
      <![CDATA[click on oder place button.]]>
    </line>
    <line>
      <![CDATA[complete the payment.]]>
    </line>
    <line>
      <![CDATA[Verifing oreder is placed or not.]]>
    </line>
    <line>
      <![CDATA[Download invoice.]]>
    </line>
    <line>
      <![CDATA[Logout from application.]]>
    </line>
  </reporter-output>
  <suite started-at="2025-01-17T01:39:56 IST" name="Surefire suite" finished-at="2025-01-17T01:40:56 IST" duration-ms="59772">
    <groups>
    </groups>
    <test started-at="2025-01-17T01:39:56 IST" name="Surefire test" finished-at="2025-01-17T01:40:56 IST" duration-ms="59772">
      <class name="tests.AddItemIInCartTest">
        <test-method is-config="true" signature="setup()[pri:0, instance:tests.AddItemIInCartTest@609cd4d8]" started-at="2025-01-17T01:39:56 IST" name="setup" finished-at="2025-01-17T01:40:06 IST" duration-ms="9874" status="PASS">
          <reporter-output>
          </reporter-output>
        </test-method> <!-- setup -->
        <test-method signature="addToCartTest()[pri:0, instance:tests.AddItemIInCartTest@609cd4d8]" started-at="2025-01-17T01:40:06 IST" name="addToCartTest" finished-at="2025-01-17T01:40:56 IST" duration-ms="49677" status="PASS">
          <reporter-output>
            <line>
              <![CDATA[Selecting women dress from the option.]]>
            </line>
            <line>
              <![CDATA[Click on continue shoping button.]]>
            </line>
            <line>
              <![CDATA[Click on product option.]]>
            </line>
            <line>
              <![CDATA[Select product babyhug.]]>
            </line>
            <line>
              <![CDATA[Click on view cart.]]>
            </line>
            <line>
              <![CDATA[Click on checkout.]]>
            </line>
            <line>
              <![CDATA[Register a new user with details.]]>
            </line>
            <line>
              <![CDATA[Clicked on continue link.]]>
            </line>
            <line>
              <![CDATA[Click on cart.]]>
            </line>
            <line>
              <![CDATA[Click on checkout.]]>
            </line>
            <line>
              <![CDATA[click on oder place button.]]>
            </line>
            <line>
              <![CDATA[complete the payment.]]>
            </line>
            <line>
              <![CDATA[Verifing oreder is placed or not.]]>
            </line>
            <line>
              <![CDATA[Download invoice.]]>
            </line>
            <line>
              <![CDATA[Logout from application.]]>
            </line>
          </reporter-output>
        </test-method> <!-- addToCartTest -->
        <test-method is-config="true" signature="tearDown()[pri:0, instance:tests.AddItemIInCartTest@609cd4d8]" started-at="2025-01-17T01:40:56 IST" name="tearDown" finished-at="2025-01-17T01:40:56 IST" duration-ms="154" status="PASS">
          <reporter-output>
          </reporter-output>
        </test-method> <!-- tearDown -->
      </class> <!-- tests.AddItemIInCartTest -->
    </test> <!-- Surefire test -->
  </suite> <!-- Surefire suite -->
</testng-results>
